0 info it worked if it ends with ok
1 verbose cli [ '/usr/bin/node', '/usr/bin/npm', 'search', 'package' ]
2 info using npm@1.4.9
3 info using node@v0.10.28
4 warn Building the local index for the first time, please be patient
5 verbose url raw /-/all
6 verbose url resolving [ 'https://registry.npmjs.org/', './-/all' ]
7 verbose url resolved https://registry.npmjs.org/-/all
8 info trying registry request attempt 1 at 00:20:44
9 http GET https://registry.npmjs.org/-/all
10 info retry will retry, error on last attempt: Error: socket hang up
11 info trying registry request attempt 2 at 00:20:54
12 http GET https://registry.npmjs.org/-/all
13 info retry will retry, error on last attempt: Error: socket hang up
14 info trying registry request attempt 3 at 00:21:54
15 http GET https://registry.npmjs.org/-/all
16 error network socket hang up
16 error network This is most likely not a problem with npm itself
16 error network and is related to network connectivity.
16 error network In most cases you are behind a proxy or have bad network settings.
16 error network
16 error network If you are behind a proxy, please make sure that the
16 error network 'proxy' config is set properly.  See: 'npm help config'
17 error System Linux 3.14.4-1-ARCH
18 error command "/usr/bin/node" "/usr/bin/npm" "search" "package"
19 error cwd /home/kotto/projects/meteor/chatapp
20 error node -v v0.10.28
21 error npm -v 1.4.9
22 error code ECONNRESET
23 verbose exit [ 1, true ]
